2009-09-17 09:14:06 Notice: Notice (1024): Please change the value of 'Security.salt' in app/config/core.php to a salt value specific to your application in [CORE/cake/libs/debugger.php, line 557]
2009-09-17 09:14:53 Notice: Notice (1024): Please change the value of 'Security.salt' in app/config/core.php to a salt value specific to your application in [CORE/cake/libs/debugger.php, line 557]
2009-09-17 09:17:08 Notice: Notice (1024): Please change the value of 'Security.salt' in app/config/core.php to a salt value specific to your application in [CORE/cake/libs/debugger.php, line 557]
2009-09-17 09:17:09 Notice: Notice (1024): Please change the value of 'Security.salt' in app/config/core.php to a salt value specific to your application in [CORE/cake/libs/debugger.php, line 557]
2009-09-17 09:17:10 Notice: Notice (1024): Please change the value of 'Security.salt' in app/config/core.php to a salt value specific to your application in [CORE/cake/libs/debugger.php, line 557]
2009-09-17 09:17:11 Notice: Notice (1024): Please change the value of 'Security.salt' in app/config/core.php to a salt value specific to your application in [CORE/cake/libs/debugger.php, line 557]
2009-09-17 09:17:13 Notice: Notice (1024): Please change the value of 'Security.salt' in app/config/core.php to a salt value specific to your application in [CORE/cake/libs/debugger.php, line 557]
2009-09-17 13:52:01 Notice: Notice (8): Undefined variable: pr in [APP/models/user.php, line 38]
2009-09-17 14:44:20 Notice: Notice (8): Undefined property: UsersController::$Cookie in [APP/controllers/users_controller.php, line 45]
2009-09-18 13:37:52 Notice: Notice (8): Undefined variable: User in [APP/views/layouts/default.ctp, line 49]
2009-09-18 13:38:07 Notice: Notice (8): Undefined variable: User in [APP/views/layouts/default.ctp, line 49]
2009-09-18 13:38:36 Notice: Notice (8): Undefined property: PagesController::$Cookie in [APP/app_controller.php, line 46]
2009-09-18 13:38:55 Notice: Notice (8): Undefined variable: User in [APP/views/layouts/default.ctp, line 49]
2009-09-18 13:39:01 Notice: Notice (8): Undefined variable: User in [APP/views/layouts/default.ctp, line 49]
2009-09-18 13:39:40 Notice: Notice (8): Undefined variable: User in [APP/views/layouts/default.ctp, line 49]
2009-09-18 13:39:44 Notice: Notice (8): Undefined variable: User in [APP/views/layouts/default.ctp, line 49]
2009-09-18 15:31:33 Notice: Notice (8): Use of undefined constant inputs - assumed 'inputs' in [APP/views/users/admin_add.ctp, line 14]
2009-09-21 08:52:33 Notice: Notice (8): Undefined variable: data in [APP/views/users/admin_add.ctp, line 16]
2009-09-21 08:54:48 Notice: Notice (8): Undefined property: User::$Aro in [APP/models/user.php, line 135]
2009-09-21 08:55:58 Notice: Notice (8): Undefined index:  group_id in [APP/views/users/admin_add.ctp, line 16]
2009-09-21 08:56:58 Notice: Notice (8): Undefined property: User::$Aro in [APP/models/user.php, line 135]
2009-09-21 08:59:06 Notice: Notice (8): Undefined property: User::$Aro in [APP/models/user.php, line 135]
2009-09-21 09:03:47 Notice: Notice (8): Undefined property: UsersController::$User in [APP/controllers/users_controller.php, line 39]
2009-09-21 09:03:47 Notice: Notice (8): Trying to get property of non-object in [APP/controllers/users_controller.php, line 39]
2009-09-21 09:03:55 Notice: Notice (8): Undefined property: UsersController::$User in [APP/controllers/users_controller.php, line 39]
2009-09-21 09:03:55 Notice: Notice (8): Trying to get property of non-object in [APP/controllers/users_controller.php, line 39]
2009-09-21 09:04:14 Notice: Notice (8): Undefined property: UsersController::$User in [APP/controllers/users_controller.php, line 39]
2009-09-21 09:04:14 Notice: Notice (8): Trying to get property of non-object in [APP/controllers/users_controller.php, line 39]
2009-09-21 09:04:15 Notice: Notice (8): Undefined property: UsersController::$User in [APP/controllers/users_controller.php, line 39]
2009-09-21 09:04:15 Notice: Notice (8): Trying to get property of non-object in [APP/controllers/users_controller.php, line 39]
2009-09-21 09:04:16 Notice: Notice (8): Undefined property: UsersController::$User in [APP/controllers/users_controller.php, line 39]
2009-09-21 09:04:16 Notice: Notice (8): Trying to get property of non-object in [APP/controllers/users_controller.php, line 39]
2009-09-21 09:04:17 Notice: Notice (8): Undefined property: UsersController::$User in [APP/controllers/users_controller.php, line 39]
2009-09-21 09:04:17 Notice: Notice (8): Trying to get property of non-object in [APP/controllers/users_controller.php, line 39]
2009-09-21 09:04:52 Notice: Notice (8): Undefined property: UsersController::$User in [APP/controllers/users_controller.php, line 26]
2009-09-21 09:05:36 Notice: Notice (8): Undefined property: User::$Aro in [APP/models/user.php, line 135]
2009-09-21 09:06:10 Notice: Notice (8): Undefined property: User::$Aro in [APP/models/user.php, line 135]
2009-09-21 09:08:04 Notice: Notice (8): Undefined property: User::$Acl in [APP/models/user.php, line 135]
2009-09-21 09:08:04 Notice: Notice (8): Trying to get property of non-object in [APP/models/user.php, line 135]
2009-09-21 09:12:15 Notice: Notice (8): Undefined property: User::$Aro in [APP/models/user.php, line 135]
2009-09-21 09:35:46 Notice: Notice (8): Undefined property: User::$Aro in [APP/models/user.php, line 123]
2009-09-21 09:36:40 Notice: Notice (8): Undefined property: User::$Aro in [APP/models/user.php, line 123]
2009-09-21 09:41:16 Notice: Notice (8): Undefined property: User::$Aro in [APP/models/user.php, line 77]
2009-09-21 09:47:09 Notice: Notice (8): Undefined index:  email in [APP/models/user.php, line 140]
2009-09-21 10:06:14 Notice: Notice (8): Undefined index:  group_id in [APP/views/users/admin_add.ctp, line 16]
